<?xml version="1.0" encoding="UTF-8"?>
<!-- Generated by org.testng.reporters.JUnitReportReporter -->
<testsuite skipped="0" hostname="Ramesh-PC" name="com.hotelbookingTest.HotelBookingSanityTest" tests="3" failures="0" timestamp="26 May 2017 06:40:18 GMT" time="2.117" errors="0">
  <testcase name="verifyPageTitle" time="0.074" classname="com.hotelbookingTest.HotelBookingSanityTest"/>
  <testcase name="insertBookingData" time="0.897" classname="com.hotelbookingTest.HotelBookingSanityTest"/>
  <testcase name="deleteLastrecord" time="1.146" classname="com.hotelbookingTest.HotelBookingSanityTest"/>
</testsuite> <!-- com.hotelbookingTest.HotelBookingSanityTest -->
