<?xml version="1.0" encoding="UTF-8"?>
<!-- Generated by org.testng.reporters.JUnitReportReporter -->
<testsuite hostname="Ramesh-PC" name="com.hotelbookingTest.HotelBookingSanityTest" tests="3" failures="0" timestamp="26 May 2017 06:35:33 GMT" time="2.142" errors="0">
  <testcase name="deleteLastrecord" time="1.153" classname="com.hotelbookingTest.HotelBookingSanityTest"/>
  <testcase name="verifyPageTitle" time="0.079" classname="com.hotelbookingTest.HotelBookingSanityTest"/>
  <testcase name="insertBookingData" time="0.910" classname="com.hotelbookingTest.HotelBookingSanityTest"/>
</testsuite> <!-- com.hotelbookingTest.HotelBookingSanityTest -->
